10:40:46.599 [main] INFO  org.testng.internal.Utils - [Utils] MethodGroupsHelper.collectMethodsByGroup() took 0 ms.
10:40:46.607 [main] INFO  org.testng.internal.Utils - [Utils] MethodGroupsHelper.sortMethods() took 0 ms.
10:40:46.617 [main] INFO  org.testng.internal.Utils - [Utils] MethodGroupsHelper.collectMethodsByGroup() took 0 ms.
10:40:46.617 [main] INFO  org.testng.internal.Utils - [Utils] MethodGroupsHelper.sortMethods() took 0 ms.
10:40:46.618 [main] INFO  org.testng.internal.Utils - [Utils] MethodGroupsHelper.collectMethodsByGroup() took 0 ms.
10:40:46.618 [main] INFO  org.testng.internal.Utils - [Utils] MethodGroupsHelper.sortMethods() took 0 ms.
10:40:46.622 [main] INFO  org.testng.internal.Utils - [Utils] MethodGroupsHelper.collectMethodsByGroup() took 2 ms.
10:40:46.636 [main] INFO  org.testng.internal.Utils - [Utils] MethodGroupsHelper.sortMethods() took 12 ms.
10:40:46.636 [main] INFO  org.testng.internal.Utils - [Utils] MethodGroupsHelper.collectMethodsByGroup() took 0 ms.
10:40:46.637 [main] INFO  org.testng.internal.Utils - [Utils] MethodGroupsHelper.sortMethods() took 0 ms.
10:40:46.637 [main] INFO  org.testng.internal.Utils - [Utils] MethodGroupsHelper.collectMethodsByGroup() took 0 ms.
10:40:46.637 [main] INFO  org.testng.internal.Utils - [Utils] MethodGroupsHelper.sortMethods() took 0 ms.
10:40:46.637 [main] INFO  org.testng.internal.Utils - [Utils] MethodGroupsHelper.collectMethodsByGroup() took 0 ms.
10:40:46.637 [main] INFO  org.testng.internal.Utils - [Utils] MethodGroupsHelper.sortMethods() took 0 ms.
10:40:46.641 [main] INFO  org.testng.internal.Utils - [Utils] MethodGroupsHelper.collectMethodsByGroup() took 0 ms.
10:40:46.641 [main] INFO  org.testng.internal.Utils - [Utils] MethodGroupsHelper.sortMethods() took 0 ms.
10:40:46.641 [main] INFO  org.testng.internal.Utils - [Utils] MethodGroupsHelper.collectMethodsByGroup() took 0 ms.
10:40:46.641 [main] INFO  org.testng.internal.Utils - [Utils] MethodGroupsHelper.sortMethods() took 0 ms.
10:40:46.643 [main] INFO  org.testng.internal.Utils - [Utils] MethodGroupsHelper.collectMethodsByGroup() took 0 ms.
10:40:46.643 [main] INFO  org.testng.internal.Utils - [Utils] MethodGroupsHelper.sortMethods() took 0 ms.
10:40:46.644 [main] INFO  org.testng.internal.Utils - [Utils] MethodGroupsHelper.collectMethodsByGroup() took 0 ms.
10:40:46.644 [main] INFO  org.testng.internal.Utils - [Utils] MethodGroupsHelper.sortMethods() took 0 ms.
10:40:46.646 [main] INFO  org.testng.internal.Utils - [Utils] MethodGroupsHelper.collectMethodsByGroup() took 0 ms.
10:40:46.647 [main] INFO  org.testng.internal.Utils - [Utils] MethodGroupsHelper.sortMethods() took 0 ms.
10:40:46.648 [main] INFO  org.testng.internal.Utils - [Utils] MethodGroupsHelper.collectMethodsByGroup() took 0 ms.
10:40:46.648 [main] INFO  org.testng.internal.Utils - [Utils] MethodGroupsHelper.sortMethods() took 0 ms.
10:40:46.648 [main] INFO  org.testng.internal.Utils - [Utils] MethodGroupsHelper.collectMethodsByGroup() took 0 ms.
10:40:46.648 [main] INFO  org.testng.internal.Utils - [Utils] MethodGroupsHelper.sortMethods() took 0 ms.
10:40:46.660 [main] INFO  org.testng.internal.Utils - [TestNG] Running:
  C:\Users\44782\AppData\Local\Temp\testng-eclipse-1143268653\testng-customsuite.xml

10:40:46.680 [main] INFO  org.testng.internal.Utils - [Utils] DynamicGraphHelper.createDynamicGraph() took 4 ms.
10:40:46.860 [main] INFO  org.testng.internal.Utils - [TestNG] Time taken by org.testng.reporters.jq.Main@64712be: 64 ms
10:40:46.872 [main] INFO  org.testng.internal.Utils - [TestNG] Time taken by org.testng.reporters.FailedReporter@21ec5d87: 12 ms
10:40:46.885 [main] INFO  org.testng.internal.Utils - [TestNG] Time taken by org.testng.reporters.XMLReporter@307765b4: 13 ms
10:40:46.895 [main] INFO  org.testng.internal.Utils - [TestNG] Time taken by org.testng.reporters.EmailableReporter2@388ffbc2: 10 ms
10:40:46.901 [main] INFO  org.testng.internal.Utils - [TestNG] Time taken by org.testng.reporters.JUnitReportReporter@4de025bf: 6 ms
10:40:46.901 [main] INFO  org.testng.internal.Utils - [TestNG] Time taken by org.testng.internal.ExitCodeListener@538613b3: 0 ms
10:40:58.648 [main] INFO  org.testng.internal.Utils - [TestNG] Running:
  C:\Users\44782\eclipse-workspace\Demowebshop\grouping.xml

10:41:04.790 [main] INFO  testCases.TC_001_Registration - ** chalu hua**
10:41:04.822 [main] INFO  testCases.TC_001_Registration - clicked on Reg
10:41:08.387 [main] INFO  testCases.TC_001_Registration - created account
10:41:08.479 [main] INFO  testCases.TC_001_Registration - **Bandh hua**
10:41:14.109 [main] INFO  testCases.TC_002_Login - 2 chalu kiya
10:41:16.323 [main] INFO  testCases.TC_002_Login - bandh 2 kiya
10:41:17.700 [main] INFO  testCases.TC_002_Login - ***closed***
05:23:57.258 [main] INFO  org.testng.internal.Utils - [TestNG] Running:
  C:\Users\44782\eclipse-workspace\Demowebshop\grouping.xml

05:24:05.309 [main] INFO  testCases.TC_001_Registration - ** chalu hua**
